flutter_application_1/android/app/build/intermediates/manifest_merge_blame_file/debug/manifest-merger-blame-debug-report.txt
1<?xml version="1.0" encoding="utf-8"?>
2<manifest xmlns:android="http://schemas.android.com/apk/res/android"
3    package="com.example.flutter_application_1"
4    android:versionCode="1"
5    android:versionName="0.0.1" >
6
7    <uses-sdk
8        android:minSdkVersion="21"
9        android:targetSdkVersion="35" />
10    <!--
11         The INTERNET permission is required for development. Specifically,
12         the Flutter tool needs it to communicate with the running application
13         to allow setting breakpoints, to provide hot reload, etc.
14    -->
15    <uses-permission android:name="android.permission.INTERNET" />
15-->src\main\AndroidManifest.xml:2:5-66
15-->src\main\AndroidManifest.xml:2:22-64
16    <uses-permission android:name="android.permission.ACCESS_NETWORK_STATE" />
16-->src\main\AndroidManifest.xml:3:5-78
16-->src\main\AndroidManifest.xml:3:22-76
17    <!--
18 Required to query activities that can process text, see:
19         https://developer.android.com/training/package-visibility and
20         https://developer.android.com/reference/android/content/Intent#ACTION_PROCESS_TEXT.
21
22         In particular, this is used by the Flutter engine in io.flutter.plugin.text.ProcessTextPlugin.
23    -->
24    <queries>
24-->src\main\AndroidManifest.xml:42:5-47:15
25        <intent>
25-->src\main\AndroidManifest.xml:43:9-46:18
26            <action android:name="android.intent.action.PROCESS_TEXT" />
26-->src\main\AndroidManifest.xml:44:13-72
26-->src\main\AndroidManifest.xml:44:21-70
27
28            <data android:mimeType="text/plain" />
28-->src\main\AndroidManifest.xml:45:13-50
28-->src\main\AndroidManifest.xml:45:19-48
29        </intent>
30    </queries>
31
32    <permission
32-->[androidx.core:core:1.13.1] AndroidManifest.xml:22:5-24:47
33        android:name="com.example.flutter_application_1.DYNAMIC_RECEIVER_NOT_EXPORTED_PERMISSION"
33-->[androidx.core:core:1.13.1] AndroidManifest.xml:23:9-81
34        android:protectionLevel="signature" />
34-->[androidx.core:core:1.13.1] AndroidManifest.xml:24:9-44
35
36    <uses-permission android:name="com.example.flutter_application_1.DYNAMIC_RECEIVER_NOT_EXPORTED_PERMISSION" />
36-->[androidx.core:core:1.13.1] AndroidManifest.xml:26:5-97
36-->[androidx.core:core:1.13.1] AndroidManifest.xml:26:22-94
37
38    <application
39        android:name="android.app.Application"
40        android:allowBackup="true"
40-->[:esewasdk-release:] AndroidManifest.xml:10:18-44
41        android:appComponentFactory="androidx.core.app.CoreComponentFactory"
41-->[androidx.core:core:1.13.1] AndroidManifest.xml:28:18-86
42        android:debuggable="true"
43        android:icon="@mipmap/ic_launcher"
44        android:label="flutter_application_1" >
45        <activity
46            android:name="com.example.flutter_application_1.MainActivity"
47            android:configChanges="orientation|keyboardHidden|keyboard|screenSize|smallestScreenSize|locale|layoutDirection|fontScale|screenLayout|density|uiMode"
48            android:exported="true"
49            android:hardwareAccelerated="true"
50            android:launchMode="singleTop"
51            android:taskAffinity=""
52            android:theme="@style/LaunchTheme"
53            android:windowSoftInputMode="adjustResize" >
54
55            <!--
56                 Specifies an Android theme to apply to this Activity as soon as
57                 the Android process has started. This theme is visible to the user
58                 while the Flutter UI initializes. After that, this theme continues
59                 to determine the Window background behind the Flutter UI.
60            -->
61            <meta-data
62                android:name="io.flutter.embedding.android.NormalTheme"
63                android:resource="@style/NormalTheme" />
64
65            <intent-filter>
66                <action android:name="android.intent.action.MAIN" />
67
68                <category android:name="android.intent.category.LAUNCHER" />
69            </intent-filter>
70        </activity>
71        <!--
72             Don't delete the meta-data below.
73             This is used by the Flutter tool to generate GeneratedPluginRegistrant.java
74        -->
75        <meta-data
76            android:name="flutterEmbedding"
77            android:value="2" />
78
79        <provider
79-->[:image_picker_android] AndroidManifest.xml:11:9-19:20
80            android:name="io.flutter.plugins.imagepicker.ImagePickerFileProvider"
80-->[:image_picker_android] AndroidManifest.xml:12:13-82
81            android:authorities="com.example.flutter_application_1.flutter.image_provider"
81-->[:image_picker_android] AndroidManifest.xml:13:13-74
82            android:exported="false"
82-->[:image_picker_android] AndroidManifest.xml:14:13-37
83            android:grantUriPermissions="true" >
83-->[:image_picker_android] AndroidManifest.xml:15:13-47
84            <meta-data
84-->[:image_picker_android] AndroidManifest.xml:16:13-18:75
85                android:name="android.support.FILE_PROVIDER_PATHS"
85-->[:image_picker_android] AndroidManifest.xml:17:17-67
86                android:resource="@xml/flutter_image_picker_file_paths" />
86-->[:image_picker_android] AndroidManifest.xml:18:17-72
87        </provider> <!-- Trigger Google Play services to install the backported photo picker module. -->
88        <service
88-->[:image_picker_android] AndroidManifest.xml:21:9-33:19
89            android:name="com.google.android.gms.metadata.ModuleDependencies"
89-->[:image_picker_android] AndroidManifest.xml:22:13-78
90            android:enabled="false"
90-->[:image_picker_android] AndroidManifest.xml:23:13-36
91            android:exported="false" >
91-->[:image_picker_android] AndroidManifest.xml:24:13-37
92            <intent-filter>
92-->[:image_picker_android] AndroidManifest.xml:26:13-28:29
93                <action android:name="com.google.android.gms.metadata.MODULE_DEPENDENCIES" />
93-->[:image_picker_android] AndroidManifest.xml:27:17-94
93-->[:image_picker_android] AndroidManifest.xml:27:25-91
94            </intent-filter>
95
96            <meta-data
96-->[:image_picker_android] AndroidManifest.xml:30:13-32:36
97                android:name="photopicker_activity:0:required"
97-->[:image_picker_android] AndroidManifest.xml:31:17-63
98                android:value="" />
98-->[:image_picker_android] AndroidManifest.xml:32:17-33
99        </service>
100
101        <uses-library
101-->[androidx.window:window:1.2.0] AndroidManifest.xml:23:9-25:40
102            android:name="androidx.window.extensions"
102-->[androidx.window:window:1.2.0] AndroidManifest.xml:24:13-54
103            android:required="false" />
103-->[androidx.window:window:1.2.0] AndroidManifest.xml:25:13-37
104        <uses-library
104-->[androidx.window:window:1.2.0] AndroidManifest.xml:26:9-28:40
105            android:name="androidx.window.sidecar"
105-->[androidx.window:window:1.2.0] AndroidManifest.xml:27:13-51
106            android:required="false" />
106-->[androidx.window:window:1.2.0] AndroidManifest.xml:28:13-37
107
108        <provider
108-->[androidx.lifecycle:lifecycle-process:2.7.0] AndroidManifest.xml:24:9-32:20
109            android:name="androidx.startup.InitializationProvider"
109-->[androidx.lifecycle:lifecycle-process:2.7.0] AndroidManifest.xml:25:13-67
110            android:authorities="com.example.flutter_application_1.androidx-startup"
110-->[androidx.lifecycle:lifecycle-process:2.7.0] AndroidManifest.xml:26:13-68
111            android:exported="false" >
111-->[androidx.lifecycle:lifecycle-process:2.7.0] AndroidManifest.xml:27:13-37
112            <meta-data
112-->[androidx.lifecycle:lifecycle-process:2.7.0] AndroidManifest.xml:29:13-31:52
113                android:name="androidx.lifecycle.ProcessLifecycleInitializer"
113-->[androidx.lifecycle:lifecycle-process:2.7.0] AndroidManifest.xml:30:17-78
114                android:value="androidx.startup" />
114-->[androidx.lifecycle:lifecycle-process:2.7.0] AndroidManifest.xml:31:17-49
115            <meta-data
115-->[androidx.profileinstaller:profileinstaller:1.3.1] AndroidManifest.xml:29:13-31:52
116                android:name="androidx.profileinstaller.ProfileInstallerInitializer"
116-->[androidx.profileinstaller:profileinstaller:1.3.1] AndroidManifest.xml:30:17-85
117                android:value="androidx.startup" />
117-->[androidx.profileinstaller:profileinstaller:1.3.1] AndroidManifest.xml:31:17-49
118        </provider>
119
120        <receiver
120-->[androidx.profileinstaller:profileinstaller:1.3.1] AndroidManifest.xml:34:9-52:20
121            android:name="androidx.profileinstaller.ProfileInstallReceiver"
121-->[androidx.profileinstaller:profileinstaller:1.3.1] AndroidManifest.xml:35:13-76
122            android:directBootAware="false"
122-->[androidx.profileinstaller:profileinstaller:1.3.1] AndroidManifest.xml:36:13-44
123            android:enabled="true"
123-->[androidx.profileinstaller:profileinstaller:1.3.1] AndroidManifest.xml:37:13-35
124            android:exported="true"
124-->[androidx.profileinstaller:profileinstaller:1.3.1] AndroidManifest.xml:38:13-36
125            android:permission="android.permission.DUMP" >
125-->[androidx.profileinstaller:profileinstaller:1.3.1] AndroidManifest.xml:39:13-57
126            <intent-filter>
126-->[androidx.profileinstaller:profileinstaller:1.3.1] AndroidManifest.xml:40:13-42:29
127                <action android:name="androidx.profileinstaller.action.INSTALL_PROFILE" />
127-->[androidx.profileinstaller:profileinstaller:1.3.1] AndroidManifest.xml:41:17-91
127-->[androidx.profileinstaller:profileinstaller:1.3.1] AndroidManifest.xml:41:25-88
128            </intent-filter>
129            <intent-filter>
129-->[androidx.profileinstaller:profileinstaller:1.3.1] AndroidManifest.xml:43:13-45:29
130                <action android:name="androidx.profileinstaller.action.SKIP_FILE" />
130-->[androidx.profileinstaller:profileinstaller:1.3.1] AndroidManifest.xml:44:17-85
130-->[androidx.profileinstaller:profileinstaller:1.3.1] AndroidManifest.xml:44:25-82
131            </intent-filter>
132            <intent-filter>
132-->[androidx.profileinstaller:profileinstaller:1.3.1] AndroidManifest.xml:46:13-48:29
133                <action android:name="androidx.profileinstaller.action.SAVE_PROFILE" />
133-->[androidx.profileinstaller:profileinstaller:1.3.1] AndroidManifest.xml:47:17-88
133-->[androidx.profileinstaller:profileinstaller:1.3.1] AndroidManifest.xml:47:25-85
134            </intent-filter>
135            <intent-filter>
135-->[androidx.profileinstaller:profileinstaller:1.3.1] AndroidManifest.xml:49:13-51:29
136                <action android:name="androidx.profileinstaller.action.BENCHMARK_OPERATION" />
136-->[androidx.profileinstaller:profileinstaller:1.3.1] AndroidManifest.xml:50:17-95
136-->[androidx.profileinstaller:profileinstaller:1.3.1] AndroidManifest.xml:50:25-92
137            </intent-filter>
138        </receiver>
139
140        <activity
140-->[:esewasdk-release:] AndroidManifest.xml:11:9-14:47
141            android:name="com.f1soft.esewasdk.ui.ESewaPaymentActivity"
141-->[:esewasdk-release:] AndroidManifest.xml:12:13-71
142            android:screenOrientation="portrait"
142-->[:esewasdk-release:] AndroidManifest.xml:13:13-49
143            android:theme="@style/AppTheme" />
143-->[:esewasdk-release:] AndroidManifest.xml:14:13-44
144        <activity
144-->[:esewasdk-release:] AndroidManifest.xml:15:9-19:58
145            android:name="com.f1soft.esewasdk.ui.ESewaLoginActivity"
145-->[:esewasdk-release:] AndroidManifest.xml:16:13-69
146            android:screenOrientation="portrait"
146-->[:esewasdk-release:] AndroidManifest.xml:17:13-49
147            android:theme="@style/AppTheme"
147-->[:esewasdk-release:] AndroidManifest.xml:18:13-44
148            android:windowSoftInputMode="adjustResize" />
148-->[:esewasdk-release:] AndroidManifest.xml:19:13-55
149        <activity
149-->[:esewasdk-release:] AndroidManifest.xml:20:9-24:58
150            android:name="com.f1soft.esewasdk.ui.ESewaPaymentConfirmActivity"
150-->[:esewasdk-release:] AndroidManifest.xml:21:13-78
151            android:screenOrientation="portrait"
151-->[:esewasdk-release:] AndroidManifest.xml:22:13-49
152            android:theme="@style/AppTheme"
152-->[:esewasdk-release:] AndroidManifest.xml:23:13-44
153            android:windowSoftInputMode="adjustResize" />
153-->[:esewasdk-release:] AndroidManifest.xml:24:13-55
154        <activity
154-->[:esewasdk-release:] AndroidManifest.xml:25:9-29:58
155            android:name="com.f1soft.esewasdk.ui.ESewaSuccessActivity"
155-->[:esewasdk-release:] AndroidManifest.xml:26:13-71
156            android:screenOrientation="portrait"
156-->[:esewasdk-release:] AndroidManifest.xml:27:13-49
157            android:theme="@style/AppTheme"
157-->[:esewasdk-release:] AndroidManifest.xml:28:13-44
158            android:windowSoftInputMode="adjustResize" />
158-->[:esewasdk-release:] AndroidManifest.xml:29:13-55
159
160        <uses-library
160-->[:esewasdk-release:] AndroidManifest.xml:31:9-33:40
161            android:name="org.apache.http.legacy"
161-->[:esewasdk-release:] AndroidManifest.xml:32:13-50
162            android:required="false" />
162-->[:esewasdk-release:] AndroidManifest.xml:33:13-37
163    </application>
164
165</manifest>